No of disks 0
Partition Table Error on C:\PhoneForensics\1158028808\OfflineImage\emmc@usrdata
Invalid End of sector markerBlock size 4096, inp 8192, inodesize 256
Linux Partition found on disk 1 partition 0
Inode 24581 with file size 0
Inode 25850 with file size 0
Inode 25852 with file size 0
Inode 25856 with file size 0
Inode 25104 with file size 0
Inode 36552 with file size 0
Inode 32784 with file size 0
Inode 25057 with file size 0
Inode 36043 with file size 0
Inode 33983 with file size 0
Inode 25280 with file size 0
Inode 42892 with file size 0
Inode 41529 with file size 0
Inode 25449 with file size 0
Inode 25192 with file size 0
Inode 26129 with file size 0
Inode 25556 with file size 0
Inode 25018 with file size 0
Inode 25821 with file size 0
Inode 25230 with file size 0
Inode 25235 with file size 0
Inode 25588 with file size 0
Inode 34460 with file size 0
Inode 34489 with file size 0
Inode 33646 with file size 0
Inode 33641 with file size 0
Inode 33601 with file size 0
Inode 33959 with file size 0
Inode 41371 with file size 0
Error creating file 54D583F50207-0001-19C2-ADFB828101A8SessionDevice.cls.
Error creating file 54D583F50207-0001-19C2-ADFB828101A8BeginSession.cls.
Error creating file 54D583F50207-0001-19C2-ADFB828101A8SessionApp.cls.
Error creating file 54D583F50207-0001-19C2-ADFB828101A8SessionOS.cls.
Error creating file com.crashlytics.settings.json.
Error creating file session_analytics.tap.
Error creating file com.crashlytics.sdk.android:answers:com.crashlytics.android.answers.Answers.xml.
Error creating file io.fabric.sdk.android:fabric:io.fabric.sdk.android.Onboarding.xml.
Inode 33537 with file size 0
Inode 34206 with file size 0
Inode 34207 with file size 0
Inode 34208 with file size 0
Inode 34209 with file size 0
Inode 34210 with file size 0
Inode 34212 with file size 0
Inode 34213 with file size 0
Inode 34214 with file size 0
Inode 34215 with file size 0
Inode 34216 with file size 0
Inode 34218 with file size 0
Inode 34219 with file size 0
Inode 34220 with file size 0
Inode 34221 with file size 0
Inode 34222 with file size 0
Inode 34224 with file size 0
Inode 34226 with file size 0
Inode 34228 with file size 0
Inode 34233 with file size 0
Inode 34234 with file size 0
Inode 34236 with file size 0
Inode 34238 with file size 0
Inode 34239 with file size 0
Inode 34240 with file size 0
Inode 34241 with file size 0
Inode 34242 with file size 0
Inode 34243 with file size 0
Inode 34244 with file size 0
Inode 34245 with file size 0
Inode 34246 with file size 0
Inode 34247 with file size 0
Inode 34248 with file size 0
Inode 34249 with file size 0
Inode 34250 with file size 0
Inode 34251 with file size 0
Inode 34252 with file size 0
Inode 34253 with file size 0
Inode 34254 with file size 0
Inode 34255 with file size 0
Inode 34256 with file size 0
Inode 34257 with file size 0
Inode 34258 with file size 0
Inode 34259 with file size 0
Inode 34260 with file size 0
Inode 34261 with file size 0
Inode 34262 with file size 0
Inode 34263 with file size 0
Inode 34264 with file size 0
Inode 34265 with file size 0
Inode 34267 with file size 0
Inode 34268 with file size 0
Inode 34269 with file size 0
Inode 34270 with file size 0
Inode 34271 with file size 0
Inode 34272 with file size 0
Inode 34273 with file size 0
Inode 34274 with file size 0
Inode 34275 with file size 0
Inode 34276 with file size 0
Inode 34277 with file size 0
Inode 34278 with file size 0
Inode 34279 with file size 0
Inode 34280 with file size 0
Inode 34281 with file size 0
Inode 34282 with file size 0
Inode 34283 with file size 0
Inode 34284 with file size 0
Inode 34285 with file size 0
Inode 34287 with file size 0
Inode 34288 with file size 0
Inode 34289 with file size 0
Inode 34290 with file size 0
Inode 34291 with file size 0
Inode 34292 with file size 0
Inode 34293 with file size 0
Inode 34294 with file size 0
Inode 34295 with file size 0
Inode 34296 with file size 0
Inode 34297 with file size 0
Inode 34298 with file size 0
Inode 34299 with file size 0
Inode 34300 with file size 0
Inode 34301 with file size 0
Inode 34302 with file size 0
Inode 34303 with file size 0
Inode 34304 with file size 0
Inode 34305 with file size 0
Inode 34306 with file size 0
Inode 34307 with file size 0
Inode 34308 with file size 0
Inode 34309 with file size 0
Inode 34310 with file size 0
Inode 34311 with file size 0
Inode 34312 with file size 0
Inode 34314 with file size 0
Inode 34315 with file size 0
Inode 34317 with file size 0
Inode 34318 with file size 0
Inode 34319 with file size 0
Inode 34320 with file size 0
Inode 34321 with file size 0
Inode 34323 with file size 0
Inode 34324 with file size 0
Inode 34325 with file size 0
Inode 34326 with file size 0
Inode 34327 with file size 0
Inode 34328 with file size 0
Inode 34329 with file size 0
Inode 34330 with file size 0
Inode 34331 with file size 0
Inode 34332 with file size 0
Inode 34333 with file size 0
Inode 34334 with file size 0
Inode 34335 with file size 0
Inode 34336 with file size 0
Inode 34337 with file size 0
Inode 34338 with file size 0
Inode 34339 with file size 0
Inode 34340 with file size 0
Inode 34341 with file size 0
Inode 34342 with file size 0
Inode 34343 with file size 0
Inode 34344 with file size 0
Inode 34345 with file size 0
Inode 34346 with file size 0
Inode 34347 with file size 0
Inode 34348 with file size 0
Inode 34349 with file size 0
Inode 34350 with file size 0
Inode 34351 with file size 0
Inode 34352 with file size 0
Inode 34353 with file size 0
Inode 34354 with file size 0
Inode 34355 with file size 0
Inode 34356 with file size 0
Inode 34357 with file size 0
Inode 34358 with file size 0
Inode 34359 with file size 0
Inode 34360 with file size 0
Inode 34361 with file size 0
Inode 34362 with file size 0
Inode 34363 with file size 0
Inode 34364 with file size 0
Inode 34365 with file size 0
Inode 34366 with file size 0
Inode 34367 with file size 0
Inode 34368 with file size 0
Inode 34369 with file size 0
Inode 34370 with file size 0
Inode 34371 with file size 0
Inode 34372 with file size 0
Inode 34373 with file size 0
Inode 34374 with file size 0
Inode 34375 with file size 0
Inode 34376 with file size 0
Inode 34377 with file size 0
Inode 34378 with file size 0
Inode 34379 with file size 0
Inode 34380 with file size 0
Inode 34381 with file size 0
Inode 34382 with file size 0
Inode 34383 with file size 0
Inode 34384 with file size 0
Inode 34385 with file size 0
Inode 34386 with file size 0
Inode 34387 with file size 0
Inode 34388 with file size 0
Inode 34389 with file size 0
Inode 34390 with file size 0
Inode 34391 with file size 0
Inode 34392 with file size 0
Inode 34393 with file size 0
Inode 34394 with file size 0
Inode 34395 with file size 0
Inode 34396 with file size 0
Inode 34397 with file size 0
Inode 34398 with file size 0
Inode 34399 with file size 0
Inode 34400 with file size 0
Inode 34401 with file size 0
Inode 34402 with file size 0
Inode 34403 with file size 0
Inode 34404 with file size 0
Inode 34405 with file size 0
Inode 34406 with file size 0
Inode 34407 with file size 0
Inode 34408 with file size 0
Inode 34409 with file size 0
Inode 34410 with file size 0
Inode 34411 with file size 0
Inode 34412 with file size 0
Inode 34413 with file size 0
Inode 34414 with file size 0
Inode 34415 with file size 0
Inode 34416 with file size 0
Inode 34417 with file size 0
Inode 34418 with file size 0
Inode 34419 with file size 0
Inode 34420 with file size 0
Inode 34421 with file size 0
Inode 34422 with file size 0
Inode 34423 with file size 0
Inode 34424 with file size 0
Inode 34426 with file size 0
Inode 34427 with file size 0
Inode 34428 with file size 0
Inode 34429 with file size 0
Inode 34431 with file size 0
Inode 34432 with file size 0
Inode 34433 with file size 0
Inode 34434 with file size 0
Inode 34435 with file size 0
Inode 34436 with file size 0
Inode 34437 with file size 0
Inode 34438 with file size 0
Inode 34439 with file size 0
Inode 34440 with file size 0
Inode 34441 with file size 0
Inode 34442 with file size 0
Inode 34443 with file size 0
Inode 34444 with file size 0
Inode 34445 with file size 0
Inode 34446 with file size 0
Inode 34447 with file size 0
Inode 34448 with file size 0
Inode 34449 with file size 0
Inode 34450 with file size 0
Inode 34451 with file size 0
Inode 34452 with file size 0
Inode 34453 with file size 0
Inode 34454 with file size 0
Inode 34455 with file size 0
Inode 34457 with file size 0
Inode 34480 with file size 0
Inode 34483 with file size 0
Inode 34484 with file size 0
Inode 34510 with file size 0
Inode 34513 with file size 0
Inode 34518 with file size 0
Inode 34526 with file size 0
Inode 34533 with file size 0
Inode 34534 with file size 0
Inode 34546 with file size 0
Inode 34551 with file size 0
Inode 34553 with file size 0
Inode 34555 with file size 0
Inode 34557 with file size 0
Inode 34564 with file size 0
Inode 34565 with file size 0
Inode 34566 with file size 0
Inode 34568 with file size 0
Inode 34570 with file size 0
Inode 34572 with file size 0
Inode 34573 with file size 0
Inode 34574 with file size 0
Inode 34575 with file size 0
Inode 34576 with file size 0
Inode 34577 with file size 0
Inode 34578 with file size 0
Inode 34587 with file size 0
Inode 34593 with file size 0
Inode 34594 with file size 0
Inode 34596 with file size 0
Inode 34597 with file size 0
Inode 34601 with file size 0
Inode 34610 with file size 0
Inode 34611 with file size 0
Inode 34618 with file size 0
Inode 34689 with file size 0
Inode 34729 with file size 0
Inode 34768 with file size 0
Inode 34773 with file size 0
Inode 34774 with file size 0
Inode 34798 with file size 0
Inode 34801 with file size 0
Inode 34843 with file size 0
Inode 34853 with file size 0
Inode 34910 with file size 0
Inode 34929 with file size 0
Inode 34952 with file size 0
Inode 34975 with file size 0
Inode 35000 with file size 0
Inode 35001 with file size 0
Inode 35002 with file size 0
Inode 35006 with file size 0
Inode 35050 with file size 0
Inode 35062 with file size 0
Inode 35069 with file size 0
Inode 35096 with file size 0
Inode 35099 with file size 0
Inode 34100 with file size 0
Inode 35101 with file size 0
Inode 35104 with file size 0
Inode 35105 with file size 0
Inode 35106 with file size 0
Inode 35107 with file size 0
Inode 35108 with file size 0
Inode 35109 with file size 0
Inode 34316 with file size 0
Inode 35111 with file size 0
Inode 35112 with file size 0
Inode 35113 with file size 0
Inode 35114 with file size 0
Inode 35115 with file size 0
Inode 35116 with file size 0
Inode 35117 with file size 0
Inode 35119 with file size 0
Inode 35120 with file size 0
Inode 35121 with file size 0
Inode 35122 with file size 0
Inode 35123 with file size 0
Inode 35124 with file size 0
Inode 35125 with file size 0
Inode 35126 with file size 0
Inode 35127 with file size 0
Inode 35128 with file size 0
Inode 35129 with file size 0
Inode 35130 with file size 0
Inode 35131 with file size 0
Inode 35132 with file size 0
Inode 35133 with file size 0
Inode 33927 with file size 0
Inode 35140 with file size 0
Inode 34202 with file size 0
Inode 35138 with file size 0
Inode 34095 with file size 0
Inode 35143 with file size 0
Inode 35144 with file size 0
Inode 35145 with file size 0
Inode 35146 with file size 0
Inode 35147 with file size 0
Inode 35148 with file size 0
Inode 35149 with file size 0
Inode 35150 with file size 0
Inode 35151 with file size 0
Inode 35152 with file size 0
Inode 35153 with file size 0
Inode 35154 with file size 0
Inode 35155 with file size 0
Inode 35156 with file size 0
Inode 35157 with file size 0
Inode 35158 with file size 0
Inode 35159 with file size 0
Inode 35161 with file size 0
Inode 35162 with file size 0
Inode 35160 with file size 0
Inode 35165 with file size 0
Inode 35163 with file size 0
Inode 35166 with file size 0
Inode 35167 with file size 0
Inode 35172 with file size 0
Inode 33940 with file size 0
Inode 35176 with file size 0
Inode 35178 with file size 0
Inode 35180 with file size 0
Inode 35183 with file size 0
Inode 35181 with file size 0
Inode 34189 with file size 0
Inode 35184 with file size 0
Inode 35186 with file size 0
Inode 35187 with file size 0
Inode 35190 with file size 0
Inode 35191 with file size 0
Inode 35192 with file size 0
Inode 35194 with file size 0
Inode 35193 with file size 0
Inode 35195 with file size 0
Inode 35196 with file size 0
Inode 35197 with file size 0
Inode 35198 with file size 0
Inode 35199 with file size 0
Inode 35200 with file size 0
Inode 35201 with file size 0
Inode 35202 with file size 0
Inode 35203 with file size 0
Inode 35185 with file size 0
Inode 35205 with file size 0
Inode 35164 with file size 0
Inode 35207 with file size 0
Inode 35208 with file size 0
Inode 35204 with file size 0
Inode 35210 with file size 0
Inode 34201 with file size 0
Inode 35209 with file size 0
Inode 35206 with file size 0
Inode 35214 with file size 0
Inode 35215 with file size 0
Inode 35216 with file size 0
Inode 35217 with file size 0
Inode 35218 with file size 0
Inode 35219 with file size 0
Inode 35220 with file size 0
Inode 35221 with file size 0
Inode 35222 with file size 0
Inode 35223 with file size 0
Inode 35224 with file size 0
Inode 35225 with file size 0
Inode 35136 with file size 0
Inode 35226 with file size 0
Inode 35228 with file size 0
Inode 35229 with file size 0
Inode 35230 with file size 0
Inode 35231 with file size 0
Inode 35232 with file size 0
Inode 35233 with file size 0
Inode 35234 with file size 0
Inode 35235 with file size 0
Inode 35236 with file size 0
Inode 35237 with file size 0
Inode 35238 with file size 0
Inode 35239 with file size 0
Inode 35240 with file size 0
Inode 35241 with file size 0
Inode 35242 with file size 0
Inode 35243 with file size 0
Inode 35244 with file size 0
Inode 35245 with file size 0
Inode 35246 with file size 0
Inode 35248 with file size 0
Inode 35249 with file size 0
Inode 35250 with file size 0
Inode 35251 with file size 0
Inode 35252 with file size 0
Inode 35253 with file size 0
Inode 35254 with file size 0
Inode 35255 with file size 0
Inode 35256 with file size 0
Inode 35142 with file size 0
Inode 35258 with file size 0
Inode 35259 with file size 0
Inode 35260 with file size 0
Inode 35261 with file size 0
Inode 35262 with file size 0
Inode 35263 with file size 0
Inode 35264 with file size 0
Inode 35265 with file size 0
Inode 35266 with file size 0
Inode 35267 with file size 0
Inode 35268 with file size 0
Inode 35269 with file size 0
Inode 34194 with file size 0
Inode 35110 with file size 0
Inode 33544 with file size 0
Inode 35174 with file size 0
Inode 35274 with file size 0
Inode 35276 with file size 0
Inode 35277 with file size 0
Inode 35278 with file size 0
Inode 35279 with file size 0
Inode 35280 with file size 0
Inode 35281 with file size 0
Inode 35282 with file size 0
Inode 35283 with file size 0
Inode 35284 with file size 0
Inode 35285 with file size 0
Inode 35286 with file size 0
Inode 35287 with file size 0
Inode 35288 with file size 0
Inode 35290 with file size 0
Inode 35211 with file size 0
Inode 35292 with file size 0
Inode 35293 with file size 0
Inode 35294 with file size 0
Inode 35295 with file size 0
Inode 35257 with file size 0
Inode 35316 with file size 0
Inode 35227 with file size 0
Inode 35100 with file size 0
Inode 35339 with file size 0
Error reading Inode 0 parent inode 33988.
Inode 41072 with file size 0
Inode 41138 with file size 0
Inode 41258 with file size 0
Inode 41073 with file size 0
Inode 49271 with file size 0
Inode 41085 with file size 0
Error creating file 48.png.
Error creating file sound_config.json.
Error creating file vip_menu_conf.json.
Inode 41815 with file size 0
Inode 41424 with file size 0
Inode 49860 with file size 0
Inode 49861 with file size 0
Inode 49862 with file size 0
Inode 49982 with file size 0
Inode 49983 with file size 0
Inode 49984 with file size 0
Inode 50051 with file size 0
Inode 49841 with file size 0
Inode 50064 with file size 0
Inode 50065 with file size 0
Inode 50081 with file size 0
Inode 49714 with file size 0
Inode 50052 with file size 0
Inode 50213 with file size 0
Inode 49857 with file size 0
Inode 49787 with file size 0
Inode 50028 with file size 0
Inode 50431 with file size 0
Inode 49718 with file size 0
Inode 49995 with file size 0
Inode 49893 with file size 0
Inode 49802 with file size 0
Inode 41270 with file size 0
Inode 49949 with file size 0
Inode 49969 with file size 0
Inode 49989 with file size 0
Error creating file ext:localimg:asjkz95.
Error creating file ext:localimg:link95.
Error creating file ext:localimg:shgwcp95.
Error creating file ext:localimg:tbmz_58tc95.
Error creating file ext:localimg:tbmz_baidu95.
Error creating file ext:localimg:tbmz_elong95.
Error creating file ext:localimg:tbmz_ganji95.
Error creating file ext:localimg:tbmz_remai95.
Error creating file ext:localimg:tbmz_sina95.
Error creating file ext:localimg:tbmz_sofang95.
Error creating file ext:localimg:tbmz_sohu95.
Error creating file ext:localimg:tbmz_wph.
Error creating file ext:localimg:tbmz_ycw.
Error creating file ext:localimg:tbmz_ymx95.
Error creating file ext:localimg:tbmz_youyuan95.
Error creating file ext:localimg:www95.
Error creating file ext:localimg:xiazai95.
Error creating file ext:localimg:xzydyy95.
Inode 50057 with file size 0
Inode 49879 with file size 0
Inode 50077 with file size 0
Inode 50155 with file size 0
Error creating file ext:localimg:ayyszq95.
Error creating file ext:localimg:tbmz_58tc97.
Error creating file ext:localimg:tbmz_baidu97.
Error creating file ext:localimg:tbmz_elong97.
Error creating file ext:localimg:tbmz_ganji97.
Error creating file ext:localimg:tbmz_meituan97.
Error creating file ext:localimg:tbmz_nba97.
Error creating file ext:localimg:tbmz_remai97.
Error creating file ext:localimg:tbmz_sina97.
Error creating file ext:localimg:tbmz_wph970.
Error creating file ext:localimg:tbmz_ymx97.
Error creating file ext:localimg:tbmz_youku97.
Error creating file ext:localimg:youyuan97.
Error creating file "upgradedata.ini".
Inode 49658 with file size 0
Inode 49724 with file size 0
Inode 50073 with file size 0
Inode 50075 with file size 0
Inode 49263 with file size 0
Inode 49710 with file size 0
Inode 41276 with file size 0
Inode 50063 with file size 0
Error creating file stats_traffic.ini.
Inode 34669 with file size 0
Inode 34646 with file size 0
Inode 34654 with file size 0
Inode 34698 with file size 0
Inode 98320 with file size 0
Inode 25233 with file size 0
Inode 25315 with file size 0
Inode 25316 with file size 0
Error creating file [oper]KW|6c0c332a996b11c636d6add32ebd53d9.
Inode 34981 with file size 0
Inode 34920 with file size 0
Inode 34919 with file size 0
Inode 35059 with file size 0
Inode 35088 with file size 0
Inode 35090 with file size 0
Inode 35074 with file size 0
Inode 35077 with file size 0
Inode 27113 with file size 0
Inode 41585 with file size 0
Inode 41955 with file size 0
Inode 42270 with file size 0
